<?xml version="1.0" encoding="UTF-8"?>
<testng-results skipped="0" failed="0" total="6" passed="6">
  <reporter-output>
  </reporter-output>
  <suite name="nag" duration-ms="49896" started-at="2020-02-06T09:52:28Z" finished-at="2020-02-06T09:53:18Z">
    <groups>
    </groups>
    <test name="nag" duration-ms="49896" started-at="2020-02-06T09:52:28Z" finished-at="2020-02-06T09:53:18Z">
      <class name="myPack.Nag">
        <test-method status="PASS" signature="addEmp()[pri:0, instance:myPack.Nag@1ba5a14]" name="addEmp" duration-ms="35426" started-at="2020-02-06T15:22:28Z" finished-at="2020-02-06T15:23:04Z">
          <reporter-output>
          </reporter-output>
        </test-method> <!-- addEmp -->
        <test-method status="PASS" signature="verifyLogin()[pri:0, instance:myPack.Nag@1ba5a14]" name="verifyLogin" duration-ms="14439" started-at="2020-02-06T15:23:04Z" finished-at="2020-02-06T15:23:18Z">
          <reporter-output>
          </reporter-output>
        </test-method> <!-- verifyLogin -->
        <test-method status="PASS" signature="editEmp()[pri:0, instance:myPack.Nag@1ba5a14]" name="editEmp" duration-ms="0" started-at="2020-02-06T15:23:04Z" finished-at="2020-02-06T15:23:04Z">
          <reporter-output>
          </reporter-output>
        </test-method> <!-- editEmp -->
        <test-method status="PASS" signature="addLocation()[pri:0, instance:myPack.Nag@1ba5a14]" name="addLocation" duration-ms="0" started-at="2020-02-06T15:23:04Z" finished-at="2020-02-06T15:23:04Z">
          <reporter-output>
          </reporter-output>
        </test-method> <!-- addLocation -->
        <test-method status="PASS" signature="editLocation()[pri:0, instance:myPack.Nag@1ba5a14]" name="editLocation" duration-ms="0" started-at="2020-02-06T15:23:04Z" finished-at="2020-02-06T15:23:04Z">
          <reporter-output>
          </reporter-output>
        </test-method> <!-- editLocation -->
        <test-method status="PASS" signature="deleteEmp()[pri:0, instance:myPack.Nag@1ba5a14]" name="deleteEmp" duration-ms="0" started-at="2020-02-06T15:23:04Z" finished-at="2020-02-06T15:23:04Z">
          <reporter-output>
          </reporter-output>
        </test-method> <!-- deleteEmp -->
      </class> <!-- myPack.Nag -->
    </test> <!-- nag -->
  </suite> <!-- nag -->
</testng-results>
