<?xml version="1.0" encoding="UTF-8"?>
<!-- Generated by org.testng.reporters.JUnitXMLReporter -->
<testsuite hostname="classroom-PC" name="nag" tests="6" failures="0" timestamp="6 Feb 2020 09:53:18 GMT" time="49.896" errors="0">
  <testcase name="addEmp" time="35.426" classname="myPack.Nag"/>
  <testcase name="addLocation" time="0.0" classname="myPack.Nag"/>
  <testcase name="deleteEmp" time="0.0" classname="myPack.Nag"/>
  <testcase name="editEmp" time="0.0" classname="myPack.Nag"/>
  <testcase name="editLocation" time="0.0" classname="myPack.Nag"/>
  <testcase name="verifyLogin" time="14.439" classname="myPack.Nag"/>
</testsuite> <!-- nag -->
